<?xml version="1.0" encoding="UTF-8"?>
<testng-results ignored="0" total="1" passed="1" failed="0" skipped="0">
  <reporter-output>
  </reporter-output>
  <suite started-at="2025-05-05T15:55:09 IST" name="Default suite" finished-at="2025-05-05T15:55:31 IST" duration-ms="21953">
    <groups>
    </groups>
    <test started-at="2025-05-05T15:55:09 IST" name="Default test" finished-at="2025-05-05T15:55:31 IST" duration-ms="21953">
      <class name="Testes.Nopecommersoginpagetest">
        <test-method is-config="true" signature="browsersetup()[pri:0, instance:Testes.Nopecommersoginpagetest@3c41ed1d]" started-at="2025-05-05T15:55:10 IST" name="browsersetup" finished-at="2025-05-05T15:55:21 IST" duration-ms="11776" status="PASS">
          <reporter-output>
          </reporter-output>
        </test-method> <!-- browsersetup -->
        <test-method signature="testvalidlogin()[pri:0, instance:Testes.Nopecommersoginpagetest@3c41ed1d]" started-at="2025-05-05T15:55:21 IST" name="testvalidlogin" finished-at="2025-05-05T15:55:31 IST" duration-ms="9449" status="PASS">
          <reporter-output>
          </reporter-output>
        </test-method> <!-- testvalidlogin -->
        <test-method is-config="true" signature="teardown()[pri:0, instance:Testes.Nopecommersoginpagetest@3c41ed1d]" started-at="2025-05-05T15:55:31 IST" name="teardown" finished-at="2025-05-05T15:55:31 IST" duration-ms="606" status="PASS">
          <reporter-output>
          </reporter-output>
        </test-method> <!-- teardown -->
      </class> <!-- Testes.Nopecommersoginpagetest -->
    </test> <!-- Default test -->
  </suite> <!-- Default suite -->
</testng-results>
